This is pdfTeX, Version 3.14159265-2.6-1.40.21 (TeX Live 2020/Arch Linux) (preloaded format=pdflatex 2021.1.24)  29 JAN 2021 23:06
entering extended mode
 restricted \write18 enabled.
 %&-line parsing enabled.
**sync.sh
(./sync.sh
LaTeX2e <2020-10-01> patch level 2
L3 programming layer <2020-12-03> xparse <2020-03-03>

! LaTeX Error: Missing \begin{document}.

See the LaTeX manual or LaTeX Companion for explanation.
Type  H <return>  for immediate help.
 ...                                              
                                                  
l.4 t
     arget=$(printf "Website\nUni\nDotfiles" | dmenu -p "Was soll synchronis...

? 
Missing character: There is no t in font nullfont!
Missing character: There is no a in font nullfont!
Missing character: There is no r in font nullfont!
Missing character: There is no g in font nullfont!
Missing character: There is no e in font nullfont!
Missing character: There is no t in font nullfont!
Missing character: There is no = in font nullfont!
LaTeX Font Info:    External font `cmex10' loaded for size
(Font)              <7> on input line 4.
LaTeX Font Info:    External font `cmex10' loaded for size
(Font)              <5> on input line 4.
! Undefined control sequence.
l.4 target=$(printf "Website\nUni
                                 \nDotfiles" | dmenu -p "Was soll synchronis...

? 
! Undefined control sequence.
l.4 target=$(printf "Website\nUni\nDotfiles
                                           " | dmenu -p "Was soll synchronis...

? 
! Missing $ inserted.
<inserted text> 
                $
l.5 
    
? 

Overfull \hbox (139.84546pt too wide) in paragraph at lines 4--5
[]$\OT1/cmr/m/n/10 (\OML/cmm/m/it/10 printf\OT1/cmr/m/n/10 "\OML/cmm/m/it/10 We
bsite\OT1/cmr/m/n/10 "\OMS/cmsy/m/n/10 j\OML/cmm/m/it/10 dmenu \OMS/cmsy/m/n/10
 ^^@
 []


Overfull \hbox (151.34077pt too wide) in paragraph at lines 4--5
\OML/cmm/m/it/10 p\OT1/cmr/m/n/10 "\OML/cmm/m/it/10 Wassollsynchronisiertwerden
 \OT1/cmr/m/n/10 :
 []


Overfull \hbox (8.88892pt too wide) in paragraph at lines 4--5
\OT1/cmr/m/n/10 ")$ 
 []


! LaTeX Error: Missing \begin{document}.

See the LaTeX manual or LaTeX Companion for explanation.
Type  H <return>  for immediate help.
 ...                                              
                                                  
l.6 o
     peration=$(printf "Push\nPull" | dmenu -p "Push oder Pull?")
? 
Missing character: There is no o in font nullfont!
Missing character: There is no p in font nullfont!
Missing character: There is no e in font nullfont!
Missing character: There is no r in font nullfont!
Missing character: There is no a in font nullfont!
Missing character: There is no t in font nullfont!
Missing character: There is no i in font nullfont!
Missing character: There is no o in font nullfont!
Missing character: There is no n in font nullfont!
Missing character: There is no = in font nullfont!
! Undefined control sequence.
l.6 operation=$(printf "Push\nPull
                                  " | dmenu -p "Push oder Pull?")
? 
! Missing $ inserted.
<inserted text> 
                $
l.7 
    
? 

Overfull \hbox (127.64688pt too wide) in paragraph at lines 6--7
[]$\OT1/cmr/m/n/10 (\OML/cmm/m/it/10 printf\OT1/cmr/m/n/10 "\OML/cmm/m/it/10 Pu
sh\OT1/cmr/m/n/10 "\OMS/cmsy/m/n/10 j\OML/cmm/m/it/10 dmenu \OMS/cmsy/m/n/10 ^^
@
 []


Overfull \hbox (87.0176pt too wide) in paragraph at lines 6--7
\OML/cmm/m/it/10 p\OT1/cmr/m/n/10 "\OML/cmm/m/it/10 PushoderPull\OT1/cmr/m/n/10
 ?")$ 
 []


! LaTeX Error: Missing \begin{document}.

See the LaTeX manual or LaTeX Companion for explanation.
Type  H <return>  for immediate help.
 ...                                              
                                                  
l.8 p
     ort_option=""
? 
Missing character: There is no p in font nullfont!
Missing character: There is no o in font nullfont!
Missing character: There is no r in font nullfont!
Missing character: There is no t in font nullfont!
! Missing $ inserted.
<inserted text> 
                $
l.8 port_
         option=""
? 
! Missing $ inserted.
<inserted text> 
                $
l.9 
    
? 
! Interruption.
<to be read again> 
                   \par 
l.9 
    
? 

Overfull \hbox (57.9398pt too wide) in paragraph at lines 8--9
[]$[]\OML/cmm/m/it/10 ption \OT1/cmr/m/n/10 =
 []


Overfull \hbox (10.00003pt too wide) in paragraph at lines 8--9
\OT1/cmr/m/n/10 ""$ 
 []

! You can't use `macro parameter character #' in vertical mode.
l.10 #
       bestimme client und server
? 

! LaTeX Error: Missing \begin{document}.

See the LaTeX manual or LaTeX Companion for explanation.
Type  H <return>  for immediate help.
 ...                                              
                                                  
l.10 # b
        estimme client und server
? 
Missing character: There is no b in font nullfont!
Missing character: There is no e in font nullfont!
Missing character: There is no s in font nullfont!
Missing character: There is no t in font nullfont!
Missing character: There is no i in font nullfont!
Missing character: There is no m in font nullfont!
Missing character: There is no m in font nullfont!
Missing character: There is no e in font nullfont!
Missing character: There is no c in font nullfont!
Missing character: There is no l in font nullfont!
Missing character: There is no i in font nullfont!
Missing character: There is no e in font nullfont!
Missing character: There is no n in font nullfont!
Missing character: There is no t in font nullfont!
Missing character: There is no u in font nullfont!
Missing character: There is no n in font nullfont!
Missing character: There is no d in font nullfont!
Missing character: There is no s in font nullfont!
Missing character: There is no e in font nullfont!
Missing character: There is no r in font nullfont!
Missing character: There is no v in font nullfont!
Missing character: There is no e in font nullfont!
Missing character: There is no r in font nullfont!
Missing character: There is no c in font nullfont!
Missing character: There is no a in font nullfont!
Missing character: There is no s in font nullfont!
Missing character: There is no e in font nullfont!
! Missing $ inserted.
<inserted text> 
                $
l.12 
     
? 

Overfull \hbox (20.0pt too wide) in paragraph at lines 10--12
[]
 []


Overfull \hbox (36.5297pt too wide) in paragraph at lines 10--12
\OML/cmm/m/it/10 targetin$ 
 []


! LaTeX Error: Missing \begin{document}.

See the LaTeX manual or LaTeX Companion for explanation.
Type  H <return>  for immediate help.
 ...                                              
                                                  
l.13     "
          Website")
? 
Missing character: There is no " in font nullfont!
Missing character: There is no W in font nullfont!
Missing character: There is no e in font nullfont!
Missing character: There is no b in font nullfont!
Missing character: There is no s in font nullfont!
Missing character: There is no i in font nullfont!
Missing character: There is no t in font nullfont!
Missing character: There is no e in font nullfont!
Missing character: There is no " in font nullfont!
Missing character: There is no ) in font nullfont!
! You can't use `macro parameter character #' in horizontal mode.
l.14         #
               wähle website aus
? 
Missing character: There is no w in font nullfont!
LaTeX Font Info:    Trying to load font information for +cmr on input line 14.
LaTeX Font Info:    No file cmr.fd. on input line 14.

LaTeX Font Warning: Font shape `/cmr/m/n' undefined
(Font)              using `/cmr/m/n' instead on input line 14.

! Corrupted NFSS tables.
wrong@fontshape ...message {Corrupted NFSS tables}
                                                  error@fontshape else let f...
l.14         # wä
                  hle website aus
? 

LaTeX Font Warning: Font shape `/cmr/m/n' undefined
(Font)              using `OT1/cmr/m/n' instead on input line 14.

Missing character: There is no h in font nullfont!
Missing character: There is no l in font nullfont!
Missing character: There is no e in font nullfont!
Missing character: There is no w in font nullfont!
Missing character: There is no e in font nullfont!
Missing character: There is no b in font nullfont!
Missing character: There is no s in font nullfont!
Missing character: There is no i in font nullfont!
Missing character: There is no t in font nullfont!
Missing character: There is no e in font nullfont!
Missing character: There is no a in font nullfont!
Missing character: There is no u in font nullfont!
Missing character: There is no s in font nullfont!
Missing character: There is no w in font nullfont!
Missing character: There is no e in font nullfont!
Missing character: There is no b in font nullfont!
Missing character: There is no s in font nullfont!
Missing character: There is no i in font nullfont!
Missing character: There is no t in font nullfont!
Missing character: There is no e in font nullfont!
Missing character: There is no = in font nullfont!
! Undefined control sequence.
l.15         website=$(printf "ge75yag\nquintern
                                                \nglowzwiebel\ngabriel" | dm...

? 
! Undefined control sequence.
l.15 ...e=$(printf "ge75yag\nquintern\nglowzwiebel
                                                  \ngabriel" | dmenu -p "Wel...

? 
! Undefined control sequence.
l.15 ...f "ge75yag\nquintern\nglowzwiebel\ngabriel
                                                  " | dmenu -p "Welche Websi...

? 
Missing character: There is no w in font nullfont!
Missing character: There is no e in font nullfont!
Missing character: There is no b in font nullfont!
Missing character: There is no s in font nullfont!
Missing character: There is no i in font nullfont!
Missing character: There is no t in font nullfont!
Missing character: There is no e in font nullfont!
Missing character: There is no " in font nullfont!

Overfull \hbox (20.0pt too wide) in paragraph at lines 13--17
[]
 []


Overfull \hbox (10.00003pt too wide) in paragraph at lines 13--17
\/cmr/m/n/10 ^^?a
 []


Overfull \hbox (119.1249pt too wide) in paragraph at lines 13--17
\/cmr/m/n/10 (\OML/cmm/m/it/10 printf\/cmr/m/n/10 "\OML/cmm/m/it/10 ge\/cmr/m/n
/10 75\OML/cmm/m/it/10 yag\/cmr/m/n/10 "\OMS/cmsy/m/n/10 j\OML/cmm/m/it/10 dmen
u \OMS/cmsy/m/n/10 ^^@
 []


Overfull \hbox (129.01778pt too wide) in paragraph at lines 13--17
\OML/cmm/m/it/10 p\/cmr/m/n/10 "\OML/cmm/m/it/10 WelcheWebsite\/cmr/m/n/10 ?")\
OML/cmm/m/it/10 client \/cmr/m/n/10 =
 []


Overfull \hbox (108.53706pt too wide) in paragraph at lines 13--17
\/cmr/m/n/10 " []\OML/cmm/m/it/10 =Dokumente=Website=$ 
 []

! You can't use `macro parameter character #' in vertical mode.
l.18         #
               wähle serverpfad
? 

! LaTeX Error: Missing \begin{document}.

See the LaTeX manual or LaTeX Companion for explanation.
Type  H <return>  for immediate help.
 ...                                              
                                                  
l.18         # w
                ähle serverpfad
? 
Missing character: There is no w in font nullfont!
Missing character: There is no h in font nullfont!
Missing character: There is no l in font nullfont!
Missing character: There is no e in font nullfont!
Missing character: There is no s in font nullfont!
Missing character: There is no e in font nullfont!
Missing character: There is no r in font nullfont!
Missing character: There is no v in font nullfont!
Missing character: There is no e in font nullfont!
Missing character: There is no r in font nullfont!
Missing character: There is no p in font nullfont!
Missing character: There is no f in font nullfont!
Missing character: There is no a in font nullfont!
Missing character: There is no d in font nullfont!
Missing character: There is no c in font nullfont!
Missing character: There is no a in font nullfont!
Missing character: There is no s in font nullfont!
Missing character: There is no e in font nullfont!
Missing character: There is no w in font nullfont!
Missing character: There is no e in font nullfont!
Missing character: There is no b in font nullfont!
Missing character: There is no s in font nullfont!
Missing character: There is no i in font nullfont!
Missing character: There is no t in font nullfont!
Missing character: There is no e in font nullfont!
Missing character: There is no " in font nullfont!
Missing character: There is no ; in font nullfont!
Missing character: There is no ; in font nullfont!
Missing character: There is no e in font nullfont!
Missing character: There is no s in font nullfont!
Missing character: There is no a in font nullfont!
Missing character: There is no c in font nullfont!
Missing character: There is no ; in font nullfont!
Missing character: There is no ; in font nullfont!

Overfull \hbox (25.00002pt too wide) in paragraph at lines 18--29
[]\/cmr/m/n/10 ^^?a
 []


Overfull \hbox (130.91359pt too wide) in paragraph at lines 18--29
\OML/cmm/m/it/10 websitein\/cmr/m/n/10 "\OML/cmm/m/it/10 ge\/cmr/m/n/10 75\OML/
cmm/m/it/10 yag\/cmr/m/n/10 ")\OML/cmm/m/it/10 server \/cmr/m/n/10 =
 []


Overfull \hbox (98.5905pt too wide) in paragraph at lines 18--29
\/cmr/m/n/10 "\OML/cmm/m/it/10 ge\/cmr/m/n/10 75\OML/cmm/m/it/10 yag\/cmr/m/n/1
0 @\OML/cmm/m/it/10 mytum:de \/cmr/m/n/10 :
 []


Overfull \hbox (172.61366pt too wide) in paragraph at lines 18--29
\OML/cmm/m/it/10 =WWW=users=ge\/cmr/m/n/10 75\OML/cmm/m/it/10 yag=\/cmr/m/n/10 
"\OML/cmm/m/it/10 port[]ption \/cmr/m/n/10 =
 []


Overfull \hbox (12.77782pt too wide) in paragraph at lines 18--29
\/cmr/m/n/10 " \OMS/cmsy/m/n/10 ^^@
 []


Overfull \hbox (103.17485pt too wide) in paragraph at lines 18--29
\OMS/cmsy/m/n/10 ^^@\OML/cmm/m/it/10 port\/cmr/m/n/10 222"; ; \OMS/cmsy/m/n/10 
^^C\/cmr/m/n/10 )\OML/cmm/m/it/10 server \/cmr/m/n/10 =
 []


Overfull \hbox (116.70068pt too wide) in paragraph at lines 18--29
\/cmr/m/n/10 "\OML/cmm/m/it/10 matthias\/cmr/m/n/10 @\OML/cmm/m/it/10 quintern:
xyz \/cmr/m/n/10 :
 []


Overfull \hbox (32.28479pt too wide) in paragraph at lines 18--29
\OML/cmm/m/it/10 =www=$
 []


! LaTeX Error: Missing \begin{document}.

See the LaTeX manual or LaTeX Companion for explanation.
Type  H <return>  for immediate help.
 ...                                              
                                                  
l.31     "
          Uni")
? 
Missing character: There is no " in font nullfont!
Missing character: There is no U in font nullfont!
Missing character: There is no n in font nullfont!
Missing character: There is no i in font nullfont!
Missing character: There is no " in font nullfont!
Missing character: There is no ) in font nullfont!
Missing character: There is no c in font nullfont!
Missing character: There is no l in font nullfont!
Missing character: There is no i in font nullfont!
Missing character: There is no e in font nullfont!
Missing character: There is no n in font nullfont!
Missing character: There is no t in font nullfont!
Missing character: There is no = in font nullfont!
Missing character: There is no " in font nullfont!
Missing character: There is no / in font nullfont!
Missing character: There is no U in font nullfont!
Missing character: There is no n in font nullfont!
Missing character: There is no i in font nullfont!
Missing character: There is no / in font nullfont!
Missing character: There is no " in font nullfont!
Missing character: There is no s in font nullfont!
Missing character: There is no e in font nullfont!
Missing character: There is no r in font nullfont!
Missing character: There is no v in font nullfont!
Missing character: There is no e in font nullfont!
Missing character: There is no r in font nullfont!
Missing character: There is no = in font nullfont!
Missing character: There is no " in font nullfont!
Missing character: There is no m in font nullfont!
Missing character: There is no a in font nullfont!
Missing character: There is no t in font nullfont!
Missing character: There is no t in font nullfont!
Missing character: There is no h in font nullfont!
Missing character: There is no i in font nullfont!
Missing character: There is no a in font nullfont!
Missing character: There is no s in font nullfont!
Missing character: There is no @ in font nullfont!
Missing character: There is no q in font nullfont!
Missing character: There is no u in font nullfont!
Missing character: There is no i in font nullfont!
Missing character: There is no n in font nullfont!
Missing character: There is no t in font nullfont!
Missing character: There is no e in font nullfont!
Missing character: There is no r in font nullfont!
Missing character: There is no n in font nullfont!
Missing character: There is no . in font nullfont!
Missing character: There is no x in font nullfont!
Missing character: There is no y in font nullfont!
Missing character: There is no z in font nullfont!
Missing character: There is no : in font nullfont!
Missing character: There is no / in font nullfont!
Missing character: There is no h in font nullfont!
Missing character: There is no o in font nullfont!
Missing character: There is no m in font nullfont!
Missing character: There is no e in font nullfont!
Missing character: There is no / in font nullfont!
Missing character: There is no m in font nullfont!
Missing character: There is no a in font nullfont!
Missing character: There is no t in font nullfont!
Missing character: There is no t in font nullfont!
Missing character: There is no h in font nullfont!
Missing character: There is no i in font nullfont!
Missing character: There is no a in font nullfont!
Missing character: There is no s in font nullfont!
Missing character: There is no / in font nullfont!
Missing character: There is no U in font nullfont!
Missing character: There is no n in font nullfont!
Missing character: There is no i in font nullfont!
Missing character: There is no / in font nullfont!
Missing character: There is no " in font nullfont!
Missing character: There is no ; in font nullfont!
Missing character: There is no ; in font nullfont!

Overfull \hbox (20.0pt too wide) in paragraph at lines 31--35
[]
 []


! LaTeX Error: Missing \begin{document}.

See the LaTeX manual or LaTeX Companion for explanation.
Type  H <return>  for immediate help.
 ...                                              
                                                  
l.36     "
          Dotfiles")
? 
Missing character: There is no " in font nullfont!
Missing character: There is no D in font nullfont!
Missing character: There is no o in font nullfont!
Missing character: There is no t in font nullfont!
Missing character: There is no f in font nullfont!
Missing character: There is no i in font nullfont!
Missing character: There is no l in font nullfont!
Missing character: There is no e in font nullfont!
Missing character: There is no s in font nullfont!
Missing character: There is no " in font nullfont!
Missing character: There is no ) in font nullfont!
! You can't use `macro parameter character #' in horizontal mode.
l.37         #
               führt das pushrc oder pullrc skript aus
? 
Missing character: There is no f in font nullfont!
Missing character: There is no h in font nullfont!
Missing character: There is no r in font nullfont!
Missing character: There is no t in font nullfont!
Missing character: There is no d in font nullfont!
Missing character: There is no a in font nullfont!
Missing character: There is no s in font nullfont!
Missing character: There is no p in font nullfont!
Missing character: There is no u in font nullfont!
Missing character: There is no s in font nullfont!
Missing character: There is no h in font nullfont!
Missing character: There is no r in font nullfont!
Missing character: There is no c in font nullfont!
Missing character: There is no o in font nullfont!
Missing character: There is no d in font nullfont!
Missing character: There is no e in font nullfont!
Missing character: There is no r in font nullfont!
Missing character: There is no p in font nullfont!
Missing character: There is no u in font nullfont!
Missing character: There is no l in font nullfont!
Missing character: There is no l in font nullfont!
Missing character: There is no r in font nullfont!
Missing character: There is no c in font nullfont!
Missing character: There is no s in font nullfont!
Missing character: There is no k in font nullfont!
Missing character: There is no r in font nullfont!
Missing character: There is no i in font nullfont!
Missing character: There is no p in font nullfont!
Missing character: There is no t in font nullfont!
Missing character: There is no a in font nullfont!
Missing character: There is no u in font nullfont!
Missing character: There is no s in font nullfont!
Missing character: There is no c in font nullfont!
Missing character: There is no a in font nullfont!
Missing character: There is no s in font nullfont!
Missing character: There is no e in font nullfont!
Missing character: There is no H in font nullfont!
Missing character: There is no O in font nullfont!
Missing character: There is no M in font nullfont!
Missing character: There is no E in font nullfont!
Missing character: There is no / in font nullfont!
Missing character: There is no . in font nullfont!
Missing character: There is no s in font nullfont!
Missing character: There is no c in font nullfont!
Missing character: There is no r in font nullfont!
Missing character: There is no i in font nullfont!
Missing character: There is no p in font nullfont!
Missing character: There is no t in font nullfont!
Missing character: There is no s in font nullfont!
Missing character: There is no / in font nullfont!
Missing character: There is no . in font nullfont!
Missing character: There is no h in font nullfont!
Missing character: There is no i in font nullfont!
Missing character: There is no d in font nullfont!
Missing character: There is no d in font nullfont!
Missing character: There is no e in font nullfont!
Missing character: There is no n in font nullfont!
Missing character: There is no / in font nullfont!
Missing character: There is no p in font nullfont!
Missing character: There is no u in font nullfont!
Missing character: There is no s in font nullfont!
Missing character: There is no h in font nullfont!
Missing character: There is no r in font nullfont!
Missing character: There is no c in font nullfont!
Missing character: There is no . in font nullfont!
Missing character: There is no s in font nullfont!
Missing character: There is no h in font nullfont!
Missing character: There is no " in font nullfont!
Missing character: There is no ; in font nullfont!
Missing character: There is no ; in font nullfont!
Missing character: There is no " in font nullfont!
Missing character: There is no P in font nullfont!
Missing character: There is no u in font nullfont!
Missing character: There is no l in font nullfont!
Missing character: There is no l in font nullfont!
Missing character: There is no " in font nullfont!
Missing character: There is no ) in font nullfont!
Missing character: There is no s in font nullfont!
Missing character: There is no h in font nullfont!
Missing character: There is no " in font nullfont!
! Missing $ inserted.
<inserted text> 
                $
l.46 
     
? 

Overfull \hbox (20.0pt too wide) in paragraph at lines 36--46
[]
 []


Overfull \hbox (5.55557pt too wide) in paragraph at lines 36--46
\/cmr/m/n/10 ^^?u
 []


Overfull \hbox (105.28403pt too wide) in paragraph at lines 36--46
\OML/cmm/m/it/10 operationin\/cmr/m/n/10 "\OML/cmm/m/it/10 Push\/cmr/m/n/10 ")\
OML/cmm/m/it/10 sh\/cmr/m/n/10 "$
 []


Overfull \hbox (189.4974pt too wide) in paragraph at lines 36--46
\OML/cmm/m/it/10 HOME=:scripts=:hidden=pullrc:sh\/cmr/m/n/10 "; ; \OML/cmm/m/it
/10 esac$ 
 []


! LaTeX Error: Missing \begin{document}.

See the LaTeX manual or LaTeX Companion for explanation.
Type  H <return>  for immediate help.
 ...                                              
                                                  
l.47 e
      cho "$target $operation $port_option"
? 
Missing character: There is no e in font nullfont!
Missing character: There is no c in font nullfont!
Missing character: There is no h in font nullfont!
Missing character: There is no o in font nullfont!
Missing character: There is no " in font nullfont!
Missing character: There is no o in font nullfont!
Missing character: There is no p in font nullfont!
Missing character: There is no e in font nullfont!
Missing character: There is no r in font nullfont!
Missing character: There is no a in font nullfont!
Missing character: There is no t in font nullfont!
Missing character: There is no i in font nullfont!
Missing character: There is no o in font nullfont!
Missing character: There is no n in font nullfont!
! Missing $ inserted.
<inserted text> 
                $
l.48 
     
? 

Overfull \hbox (20.0pt too wide) in paragraph at lines 47--48
[]
 []


Overfull \hbox (27.08221pt too wide) in paragraph at lines 47--48
\OML/cmm/m/it/10 target$
 []


Overfull \hbox (50.66327pt too wide) in paragraph at lines 47--48
\OML/cmm/m/it/10 port[]ption\/cmr/m/n/10 "$ 
 []

! You can't use `macro parameter character #' in vertical mode.
l.49 #
       rsync -a matthias@quintern.xyz:/home/matthias/Uni/Phy_Sem_3/ ~/Dokume...

? 

! LaTeX Error: Missing \begin{document}.

See the LaTeX manual or LaTeX Companion for explanation.
Type  H <return>  for immediate help.
 ...                                              
                                                  
l.49 # r
        sync -a matthias@quintern.xyz:/home/matthias/Uni/Phy_Sem_3/ ~/Dokume...

? 
Missing character: There is no r in font nullfont!
Missing character: There is no s in font nullfont!
Missing character: There is no y in font nullfont!
Missing character: There is no n in font nullfont!
Missing character: There is no c in font nullfont!
Missing character: There is no - in font nullfont!
Missing character: There is no a in font nullfont!
Missing character: There is no m in font nullfont!
Missing character: There is no a in font nullfont!
Missing character: There is no t in font nullfont!
Missing character: There is no t in font nullfont!
Missing character: There is no h in font nullfont!
Missing character: There is no i in font nullfont!
Missing character: There is no a in font nullfont!
Missing character: There is no s in font nullfont!
Missing character: There is no @ in font nullfont!
Missing character: There is no q in font nullfont!
Missing character: There is no u in font nullfont!
Missing character: There is no i in font nullfont!
Missing character: There is no n in font nullfont!
Missing character: There is no t in font nullfont!
Missing character: There is no e in font nullfont!
Missing character: There is no r in font nullfont!
Missing character: There is no n in font nullfont!
Missing character: There is no . in font nullfont!
Missing character: There is no x in font nullfont!
Missing character: There is no y in font nullfont!
Missing character: There is no z in font nullfont!
Missing character: There is no : in font nullfont!
Missing character: There is no / in font nullfont!
Missing character: There is no h in font nullfont!
Missing character: There is no o in font nullfont!
Missing character: There is no m in font nullfont!
Missing character: There is no e in font nullfont!
Missing character: There is no / in font nullfont!
Missing character: There is no m in font nullfont!
Missing character: There is no a in font nullfont!
Missing character: There is no t in font nullfont!
Missing character: There is no t in font nullfont!
Missing character: There is no h in font nullfont!
Missing character: There is no i in font nullfont!
Missing character: There is no a in font nullfont!
Missing character: There is no s in font nullfont!
Missing character: There is no / in font nullfont!
Missing character: There is no U in font nullfont!
Missing character: There is no n in font nullfont!
Missing character: There is no i in font nullfont!
Missing character: There is no / in font nullfont!
Missing character: There is no P in font nullfont!
Missing character: There is no h in font nullfont!
Missing character: There is no y in font nullfont!
! Missing $ inserted.
<inserted text> 
                $
l.49 ...thias@quintern.xyz:/home/matthias/Uni/Phy_
                                                  Sem_3/ ~/Dokumente/Uni/Phy...

? 
! Missing $ inserted.
<inserted text> 
                $
l.50 
     
? 

Overfull \hbox (20.0pt too wide) in paragraph at lines 49--50
[]
 []


Overfull \hbox (155.62595pt too wide) in paragraph at lines 49--50
[]\OML/cmm/m/it/10 em[]= []=Dokumente=Uni=Phy[]em[]$ 
 []

)
*
(Please type a command or say `\end')
*
(Please type a command or say `\end')
*
(Please type a command or say `\end')
*
(Please type a command or say `\end')
*
(Please type a command or say `\end')
*
(Please type a command or say `\end')
*
(Please type a command or say `\end')
*
(Please type a command or say `\end')
*
(Please type a command or say `\end')
*
(Please type a command or say `\end')
*
(Please type a command or say `\end')
*
(Please type a command or say `\end')
*
(Please type a command or say `\end')
*
(Please type a command or say `\end')
*
(Please type a command or say `\end')
*
(Please type a command or say `\end')
*
(Please type a command or say `\end')
*
(Please type a command or say `\end')
*
(Please type a command or say `\end')
*
(Please type a command or say `\end')
*
(Please type a command or say `\end')
*
(Please type a command or say `\end')
*
(Please type a command or say `\end')
*
(Please type a command or say `\end')
*
(Please type a command or say `\end')
*
(Please type a command or say `\end')
*
(Please type a command or say `\end')
*
(Please type a command or say `\end')
*
(Please type a command or say `\end')
*
(Please type a command or say `\end')
*
(Please type a command or say `\end')
*
(Please type a command or say `\end')
*\end

*\end'
! Missing \endcsname inserted.
<to be read again> 
                   \end/ 
<*> \end
        '
? 
! Interruption.
\end  ...ook {env/#1/end}}\csname end#1\endcsname 
                                                  \@checkend {#1}\expandafte...
<*> \end
        '
? exit
Type <return> to proceed, S to scroll future error messages,
R to run without stopping, Q to run quietly,
I to insert something, 
H for help, X to quit.
? X
 
Here is how much of TeX's memory you used:
 30 strings out of 479383
 482 string characters out of 5875830
 268160 words of memory out of 5000000
 17241 multiletter control sequences out of 15000+600000
 403430 words of font info for 27 fonts, out of 8000000 for 9000
 1141 hyphenation exceptions out of 8191
 36i,2n,42p,112b,88s stack positions out of 5000i,500n,10000p,200000b,80000s
No pages of output.
PDF statistics:
 0 PDF objects out of 1000 (max. 8388607)
 0 named destinations out of 1000 (max. 500000)
 1 words of extra memory for PDF output out of 10000 (max. 10000000)

